2022-11-11 11:27:31.610  INFO 4108 --- [main] c.tuanpla.smsott.SmsOttApplicationTests  : Starting SmsOttApplicationTests using Java 11.0.12 on COMPANY with PID 4108 (started by tuanp in D:\Project\CompWork\GW\SmsOtt)
2022-11-11 11:27:31.613  INFO 4108 --- [main] c.tuanpla.smsott.SmsOttApplicationTests  : No active profile set, falling back to 1 default profile: "default"
2022-11-11 11:27:32.863  INFO 4108 --- [main] .s.d.r.c.RepositoryConfigurationDelegate : Multiple Spring Data modules found, entering strict repository configuration mode
2022-11-11 11:27:32.865  INFO 4108 --- [main] .s.d.r.c.RepositoryConfigurationDelegate : Bootstrapping Spring Data JDBC repositories in DEFAULT mode.
2022-11-11 11:27:32.881  INFO 4108 --- [main] .s.d.r.c.RepositoryConfigurationDelegate : Finished Spring Data repository scanning in 8 ms. Found 0 JDBC repository interfaces.
2022-11-11 11:27:32.892  INFO 4108 --- [main] .s.d.r.c.RepositoryConfigurationDelegate : Multiple Spring Data modules found, entering strict repository configuration mode
2022-11-11 11:27:32.899  INFO 4108 --- [main] .s.d.r.c.RepositoryConfigurationDelegate : Bootstrapping Spring Data JPA repositories in DEFAULT mode.
2022-11-11 11:27:32.906  INFO 4108 --- [main] .s.d.r.c.RepositoryConfigurationDelegate : Finished Spring Data repository scanning in 2 ms. Found 0 JPA repository interfaces.
2022-11-11 11:27:40.451  INFO 4108 --- [main] o.hibernate.jpa.internal.util.LogHelper  : HHH000204: Processing PersistenceUnitInfo [name: default]
2022-11-11 11:27:40.543  INFO 4108 --- [main] org.hibernate.Version                    : HHH000412: Hibernate ORM core version 5.6.12.Final
2022-11-11 11:27:40.712  INFO 4108 --- [main] o.hibernate.annotations.common.Version   : HCANN000001: Hibernate Commons Annotations {5.1.2.Final}
2022-11-11 11:27:40.985  INFO 4108 --- [main] com.zaxxer.hikari.HikariDataSource       : dbMysql - Starting...
2022-11-11 11:27:41.511  INFO 4108 --- [main] com.zaxxer.hikari.HikariDataSource       : dbMysql - Start completed.
2022-11-11 11:27:41.537  INFO 4108 --- [main] org.hibernate.dialect.Dialect            : HHH000400: Using dialect: org.hibernate.dialect.MySQL5Dialect
2022-11-11 11:27:45.530  INFO 4108 --- [main] o.h.e.t.j.p.i.JtaPlatformInitiator       : HHH000490: Using JtaPlatform implementation: [org.hibernate.engine.transaction.jta.platform.internal.NoJtaPlatform]
2022-11-11 11:27:45.537  INFO 4108 --- [main] j.LocalContainerEntityManagerFactoryBean : Initialized JPA EntityManagerFactory for persistence unit 'default'
2022-11-11 11:27:49.787  WARN 4108 --- [main] JpaBaseConfiguration$JpaWebConfiguration : spring.jpa.open-in-view is enabled by default. Therefore, database queries may be performed during view rendering. Explicitly configure spring.jpa.open-in-view to disable this warning
2022-11-11 11:27:51.114  INFO 4108 --- [main] c.tuanpla.smsott.SmsOttApplicationTests  : Started SmsOttApplicationTests in 19.88 seconds (JVM running for 21.239)
2022-11-11 11:27:51.388  INFO 4108 --- [SpringApplicationShutdownHook] j.LocalContainerEntityManagerFactoryBean : Closing JPA EntityManagerFactory for persistence unit 'default'
2022-11-11 11:27:51.391  INFO 4108 --- [SpringApplicationShutdownHook] com.zaxxer.hikari.HikariDataSource       : dbMysql - Shutdown initiated...
2022-11-11 11:27:51.397  INFO 4108 --- [SpringApplicationShutdownHook] com.zaxxer.hikari.HikariDataSource       : dbMysql - Shutdown completed.
2022-11-11 11:39:55.558  INFO 13668 --- [main] c.tuanpla.smsott.SmsOttApplicationTests  : Starting SmsOttApplicationTests using Java 11.0.12 on COMPANY with PID 13668 (started by tuanp in D:\Project\CompWork\GW\SmsOtt)
2022-11-11 11:39:55.559  INFO 13668 --- [main] c.tuanpla.smsott.SmsOttApplicationTests  : No active profile set, falling back to 1 default profile: "default"
2022-11-11 11:39:56.109  INFO 13668 --- [main] .s.d.r.c.RepositoryConfigurationDelegate : Multiple Spring Data modules found, entering strict repository configuration mode
2022-11-11 11:39:56.111  INFO 13668 --- [main] .s.d.r.c.RepositoryConfigurationDelegate : Bootstrapping Spring Data JDBC repositories in DEFAULT mode.
2022-11-11 11:39:56.121  INFO 13668 --- [main] .s.d.r.c.RepositoryConfigurationDelegate : Finished Spring Data repository scanning in 6 ms. Found 0 JDBC repository interfaces.
2022-11-11 11:39:56.130  INFO 13668 --- [main] .s.d.r.c.RepositoryConfigurationDelegate : Multiple Spring Data modules found, entering strict repository configuration mode
2022-11-11 11:39:56.130  INFO 13668 --- [main] .s.d.r.c.RepositoryConfigurationDelegate : Bootstrapping Spring Data JPA repositories in DEFAULT mode.
2022-11-11 11:39:56.135  INFO 13668 --- [main] .s.d.r.c.RepositoryConfigurationDelegate : Finished Spring Data repository scanning in 1 ms. Found 0 JPA repository interfaces.
2022-11-11 11:39:56.653  INFO 13668 --- [main] o.hibernate.jpa.internal.util.LogHelper  : HHH000204: Processing PersistenceUnitInfo [name: default]
2022-11-11 11:39:56.698  INFO 13668 --- [main] org.hibernate.Version                    : HHH000412: Hibernate ORM core version 5.6.12.Final
2022-11-11 11:39:56.833  INFO 13668 --- [main] o.hibernate.annotations.common.Version   : HCANN000001: Hibernate Commons Annotations {5.1.2.Final}
2022-11-11 11:39:56.984  INFO 13668 --- [main] com.zaxxer.hikari.HikariDataSource       : dbMysql - Starting...
2022-11-11 11:39:57.286  INFO 13668 --- [main] com.zaxxer.hikari.HikariDataSource       : dbMysql - Start completed.
2022-11-11 11:39:57.300  INFO 13668 --- [main] org.hibernate.dialect.Dialect            : HHH000400: Using dialect: org.hibernate.dialect.MySQL5Dialect
2022-11-11 11:39:57.795  INFO 13668 --- [main] o.h.e.t.j.p.i.JtaPlatformInitiator       : HHH000490: Using JtaPlatform implementation: [org.hibernate.engine.transaction.jta.platform.internal.NoJtaPlatform]
2022-11-11 11:39:57.803  INFO 13668 --- [main] j.LocalContainerEntityManagerFactoryBean : Initialized JPA EntityManagerFactory for persistence unit 'default'
2022-11-11 11:39:58.383  WARN 13668 --- [main] JpaBaseConfiguration$JpaWebConfiguration : spring.jpa.open-in-view is enabled by default. Therefore, database queries may be performed during view rendering. Explicitly configure spring.jpa.open-in-view to disable this warning
2022-11-11 11:39:59.209  INFO 13668 --- [main] c.tuanpla.smsott.SmsOttApplicationTests  : Started SmsOttApplicationTests in 3.937 seconds (JVM running for 4.771)
2022-11-11 11:39:59.339  INFO 13668 --- [SpringApplicationShutdownHook] j.LocalContainerEntityManagerFactoryBean : Closing JPA EntityManagerFactory for persistence unit 'default'
2022-11-11 11:39:59.342  INFO 13668 --- [SpringApplicationShutdownHook] com.zaxxer.hikari.HikariDataSource       : dbMysql - Shutdown initiated...
2022-11-11 11:39:59.348  INFO 13668 --- [SpringApplicationShutdownHook] com.zaxxer.hikari.HikariDataSource       : dbMysql - Shutdown completed.
2022-11-11 12:05:42.454  INFO 4324 --- [main] c.tuanpla.smsott.SmsOttApplicationTests  : Starting SmsOttApplicationTests using Java 11.0.12 on COMPANY with PID 4324 (started by tuanp in D:\Project\CompWork\GW\SmsOtt)
2022-11-11 12:05:42.455  INFO 4324 --- [main] c.tuanpla.smsott.SmsOttApplicationTests  : No active profile set, falling back to 1 default profile: "default"
2022-11-11 12:05:43.009  INFO 4324 --- [main] .s.d.r.c.RepositoryConfigurationDelegate : Multiple Spring Data modules found, entering strict repository configuration mode
2022-11-11 12:05:43.010  INFO 4324 --- [main] .s.d.r.c.RepositoryConfigurationDelegate : Bootstrapping Spring Data JDBC repositories in DEFAULT mode.
2022-11-11 12:05:43.020  INFO 4324 --- [main] .s.d.r.c.RepositoryConfigurationDelegate : Finished Spring Data repository scanning in 6 ms. Found 0 JDBC repository interfaces.
2022-11-11 12:05:43.029  INFO 4324 --- [main] .s.d.r.c.RepositoryConfigurationDelegate : Multiple Spring Data modules found, entering strict repository configuration mode
2022-11-11 12:05:43.030  INFO 4324 --- [main] .s.d.r.c.RepositoryConfigurationDelegate : Bootstrapping Spring Data JPA repositories in DEFAULT mode.
2022-11-11 12:05:43.035  INFO 4324 --- [main] .s.d.r.c.RepositoryConfigurationDelegate : Finished Spring Data repository scanning in 1 ms. Found 0 JPA repository interfaces.
2022-11-11 12:05:43.557  INFO 4324 --- [main] o.hibernate.jpa.internal.util.LogHelper  : HHH000204: Processing PersistenceUnitInfo [name: default]
2022-11-11 12:05:43.602  INFO 4324 --- [main] org.hibernate.Version                    : HHH000412: Hibernate ORM core version 5.6.12.Final
2022-11-11 12:05:43.741  INFO 4324 --- [main] o.hibernate.annotations.common.Version   : HCANN000001: Hibernate Commons Annotations {5.1.2.Final}
2022-11-11 12:05:43.894  INFO 4324 --- [main] com.zaxxer.hikari.HikariDataSource       : dbMysql - Starting...
2022-11-11 12:05:44.195  INFO 4324 --- [main] com.zaxxer.hikari.HikariDataSource       : dbMysql - Start completed.
2022-11-11 12:05:44.210  INFO 4324 --- [main] org.hibernate.dialect.Dialect            : HHH000400: Using dialect: org.hibernate.dialect.MySQL5Dialect
2022-11-11 12:05:44.710  INFO 4324 --- [main] o.h.e.t.j.p.i.JtaPlatformInitiator       : HHH000490: Using JtaPlatform implementation: [org.hibernate.engine.transaction.jta.platform.internal.NoJtaPlatform]
2022-11-11 12:05:44.728  INFO 4324 --- [main] j.LocalContainerEntityManagerFactoryBean : Initialized JPA EntityManagerFactory for persistence unit 'default'
2022-11-11 12:05:45.257  WARN 4324 --- [main] JpaBaseConfiguration$JpaWebConfiguration : spring.jpa.open-in-view is enabled by default. Therefore, database queries may be performed during view rendering. Explicitly configure spring.jpa.open-in-view to disable this warning
2022-11-11 12:05:46.079  INFO 4324 --- [main] c.tuanpla.smsott.SmsOttApplicationTests  : Started SmsOttApplicationTests in 3.916 seconds (JVM running for 4.791)
2022-11-11 12:05:46.210  INFO 4324 --- [SpringApplicationShutdownHook] j.LocalContainerEntityManagerFactoryBean : Closing JPA EntityManagerFactory for persistence unit 'default'
2022-11-11 12:05:46.213  INFO 4324 --- [SpringApplicationShutdownHook] com.zaxxer.hikari.HikariDataSource       : dbMysql - Shutdown initiated...
2022-11-11 12:05:46.220  INFO 4324 --- [SpringApplicationShutdownHook] com.zaxxer.hikari.HikariDataSource       : dbMysql - Shutdown completed.
2022-11-11 12:06:22.023  INFO 2908 --- [main] c.tuanpla.smsott.SmsOttApplicationTests  : Starting SmsOttApplicationTests using Java 11.0.12 on COMPANY with PID 2908 (started by tuanp in D:\Project\CompWork\GW\SmsOtt)
2022-11-11 12:06:22.024  INFO 2908 --- [main] c.tuanpla.smsott.SmsOttApplicationTests  : No active profile set, falling back to 1 default profile: "default"
2022-11-11 12:06:22.698  INFO 2908 --- [main] .s.d.r.c.RepositoryConfigurationDelegate : Multiple Spring Data modules found, entering strict repository configuration mode
2022-11-11 12:06:22.699  INFO 2908 --- [main] .s.d.r.c.RepositoryConfigurationDelegate : Bootstrapping Spring Data JDBC repositories in DEFAULT mode.
2022-11-11 12:06:22.709  INFO 2908 --- [main] .s.d.r.c.RepositoryConfigurationDelegate : Finished Spring Data repository scanning in 6 ms. Found 0 JDBC repository interfaces.
2022-11-11 12:06:22.716  INFO 2908 --- [main] .s.d.r.c.RepositoryConfigurationDelegate : Multiple Spring Data modules found, entering strict repository configuration mode
2022-11-11 12:06:22.717  INFO 2908 --- [main] .s.d.r.c.RepositoryConfigurationDelegate : Bootstrapping Spring Data JPA repositories in DEFAULT mode.
2022-11-11 12:06:22.722  INFO 2908 --- [main] .s.d.r.c.RepositoryConfigurationDelegate : Finished Spring Data repository scanning in 1 ms. Found 0 JPA repository interfaces.
2022-11-11 12:06:23.214  INFO 2908 --- [main] o.hibernate.jpa.internal.util.LogHelper  : HHH000204: Processing PersistenceUnitInfo [name: default]
2022-11-11 12:06:23.256  INFO 2908 --- [main] org.hibernate.Version                    : HHH000412: Hibernate ORM core version 5.6.12.Final
2022-11-11 12:06:23.387  INFO 2908 --- [main] o.hibernate.annotations.common.Version   : HCANN000001: Hibernate Commons Annotations {5.1.2.Final}
2022-11-11 12:06:23.539  INFO 2908 --- [main] com.zaxxer.hikari.HikariDataSource       : dbMysql - Starting...
2022-11-11 12:06:23.843  INFO 2908 --- [main] com.zaxxer.hikari.HikariDataSource       : dbMysql - Start completed.
2022-11-11 12:06:23.858  INFO 2908 --- [main] org.hibernate.dialect.Dialect            : HHH000400: Using dialect: org.hibernate.dialect.MySQL5Dialect
2022-11-11 12:06:24.380  INFO 2908 --- [main] o.h.e.t.j.p.i.JtaPlatformInitiator       : HHH000490: Using JtaPlatform implementation: [org.hibernate.engine.transaction.jta.platform.internal.NoJtaPlatform]
2022-11-11 12:06:24.387  INFO 2908 --- [main] j.LocalContainerEntityManagerFactoryBean : Initialized JPA EntityManagerFactory for persistence unit 'default'
2022-11-11 12:06:24.986  WARN 2908 --- [main] JpaBaseConfiguration$JpaWebConfiguration : spring.jpa.open-in-view is enabled by default. Therefore, database queries may be performed during view rendering. Explicitly configure spring.jpa.open-in-view to disable this warning
2022-11-11 12:06:25.865  INFO 2908 --- [main] c.tuanpla.smsott.SmsOttApplicationTests  : Started SmsOttApplicationTests in 4.129 seconds (JVM running for 4.979)
2022-11-11 12:06:25.999  INFO 2908 --- [SpringApplicationShutdownHook] j.LocalContainerEntityManagerFactoryBean : Closing JPA EntityManagerFactory for persistence unit 'default'
2022-11-11 12:06:26.005  INFO 2908 --- [SpringApplicationShutdownHook] com.zaxxer.hikari.HikariDataSource       : dbMysql - Shutdown initiated...
2022-11-11 12:06:26.011  INFO 2908 --- [SpringApplicationShutdownHook] com.zaxxer.hikari.HikariDataSource       : dbMysql - Shutdown completed.
